c:\ярлыки с рабочкго стола\packman\packman\debug\vc140.pdb
c:\ярлыки с рабочкго стола\packman\packman\debug\vc140.idb
c:\ярлыки с рабочкго стола\packman\packman\debug\main.obj
c:\ярлыки с рабочкго стола\packman\debug\packman.pdb
c:\ярлыки с рабочкго стола\packman\packman\debug\packman.tlog\cl.command.1.tlog
c:\ярлыки с рабочкго стола\packman\packman\debug\packman.tlog\cl.read.1.tlog
c:\ярлыки с рабочкго стола\packman\packman\debug\packman.tlog\cl.write.1.tlog
c:\ярлыки с рабочкго стола\packman\packman\debug\packman.tlog\link-cvtres.read.1.tlog
c:\ярлыки с рабочкго стола\packman\packman\debug\packman.tlog\link-cvtres.write.1.tlog
c:\ярлыки с рабочкго стола\packman\packman\debug\packman.tlog\link-rc.read.1.tlog
c:\ярлыки с рабочкго стола\packman\packman\debug\packman.tlog\link-rc.write.1.tlog
c:\ярлыки с рабочкго стола\packman\packman\debug\packman.tlog\link.8852-cvtres.read.1.tlog
c:\ярлыки с рабочкго стола\packman\packman\debug\packman.tlog\link.8852-cvtres.write.1.tlog
c:\ярлыки с рабочкго стола\packman\packman\debug\packman.tlog\link.8852-rc.read.1.tlog
c:\ярлыки с рабочкго стола\packman\packman\debug\packman.tlog\link.8852-rc.write.1.tlog
c:\ярлыки с рабочкго стола\packman\packman\debug\packman.tlog\link.8852.read.1.tlog
c:\ярлыки с рабочкго стола\packman\packman\debug\packman.tlog\link.8852.write.1.tlog
c:\ярлыки с рабочкго стола\packman\packman\debug\packman.tlog\link.command.1.tlog
c:\ярлыки с рабочкго стола\packman\packman\debug\packman.tlog\link.read.1.tlog
c:\ярлыки с рабочкго стола\packman\packman\debug\packman.tlog\link.write.1.tlog
